<?xml version="1.0" encoding="UTF-8"?>
<testng-results total="1" passed="0" failed="1" skipped="0">
  <reporter-output>
  </reporter-output>
  <suite started-at="2024-10-04T11:37:40Z" name="Default suite" finished-at="2024-10-04T11:37:43Z" duration-ms="3059">
    <groups>
    </groups>
    <test started-at="2024-10-04T11:37:40Z" name="Default test" finished-at="2024-10-04T11:37:43Z" duration-ms="3059">
      <class name="com.cio.testcases.GoogleSearch">
        <test-method is-config="true" signature="setUp()[pri:0, instance:com.cio.testcases.GoogleSearch@6df20ade]" started-at="2024-10-04T11:37:40Z" name="setUp" finished-at="2024-10-04T11:37:43Z" duration-ms="2740" status="PASS">
        </test-method>
        <test-method signature="openGoogle(java.lang.String)[pri:0, instance:com.cio.testcases.GoogleSearch@6df20ade]" started-at="2024-10-04T11:37:43Z" name="openGoogle" finished-at="2024-10-04T11:37:43Z" duration-ms="0" status="FAIL">
          <exception class="org.testng.TestNGException">
            <message>
              <![CDATA[
DataProvider should be static: public java.lang.String[][] com.cio.utilities.TestUtils.getData(java.lang.reflect.Method) throws org.apache.poi.EncryptedDocumentException,java.io.IOException]]>
            </message>
            <full-stacktrace>
              <![CDATA[org.testng.TestNGException: 
DataProvider should be static: public java.lang.String[][] com.cio.utilities.TestUtils.getData(java.lang.reflect.Method) throws org.apache.poi.EncryptedDocumentException,java.io.IOException
	at org.testng.internal.Parameters.findDataProvider(Parameters.java:315)
	at org.testng.internal.Parameters.findDataProvider(Parameters.java:251)
	at org.testng.internal.Parameters.handleParameters(Parameters.java:401)
	at org.testng.internal.Invoker.handleParameters(Invoker.java:1358)
	at org.testng.internal.Invoker.createParameters(Invoker.java:1058)
	at org.testng.internal.Invoker.invokeTestMethods(Invoker.java:1160)
	at org.testng.internal.TestMethodWorker.invokeTestMethods(TestMethodWorker.java:127)
	at org.testng.internal.TestMethodWorker.run(TestMethodWorker.java:111)
	at org.testng.TestRunner.privateRun(TestRunner.java:754)
	at org.testng.TestRunner.run(TestRunner.java:614)
	at org.testng.SuiteRunner.runTest(SuiteRunner.java:335)
	at org.testng.SuiteRunner.runSequentially(SuiteRunner.java:330)
	at org.testng.SuiteRunner.privateRun(SuiteRunner.java:292)
	at org.testng.SuiteRunner.run(SuiteRunner.java:241)
	at org.testng.SuiteRunnerWorker.runSuite(SuiteRunnerWorker.java:52)
	at org.testng.SuiteRunnerWorker.run(SuiteRunnerWorker.java:86)
	at org.testng.TestNG.runSuitesSequentially(TestNG.java:1169)
	at org.testng.TestNG.runSuitesLocally(TestNG.java:1094)
	at org.testng.TestNG.run(TestNG.java:1006)
	at org.testng.remote.AbstractRemoteTestNG.run(AbstractRemoteTestNG.java:115)
	at org.testng.remote.RemoteTestNG.initAndRun(RemoteTestNG.java:293)
	at org.testng.remote.RemoteTestNG.main(RemoteTestNG.java:91)
]]>
            </full-stacktrace>
          </exception>
        </test-method>
        <test-method is-config="true" signature="tearDown()[pri:0, instance:com.cio.testcases.GoogleSearch@6df20ade]" started-at="2024-10-04T11:37:43Z" name="tearDown" finished-at="2024-10-04T11:37:43Z" duration-ms="266" status="PASS">
        </test-method>
      </class>
    </test>
  </suite>
</testng-results>
